16:11:38.159 INFO  Model.MenuLauncher : calling init
16:11:38.647 INFO  Model.MenuLauncher : made connection
16:11:38.669 INFO  Model.MenuLauncher : calling start
16:11:38.844 INFO  Controller.MenuController : calling initialize
16:11:45.382 INFO  Controller.MenuController : bookListClicked
16:11:45.382 INFO  Controller.MenuController : changeViews
16:11:45.396 INFO  Database.BookGateway : fetching books
16:11:45.438 INFO  Book.Book : calling book
16:11:45.439 INFO  Book.Book : calling book
16:11:45.444 INFO  Book.Book : calling book
16:11:45.445 INFO  Book.Book : calling book
16:11:45.446 INFO  Book.Book : calling book
16:11:45.447 INFO  Book.Book : calling book
16:11:45.448 INFO  Book.Book : calling book
16:11:45.448 INFO  Book.Book : calling book
16:11:45.449 INFO  Book.Book : calling book
16:11:45.450 INFO  Book.Book : calling book
16:11:45.507 INFO  Controller.BookListController : calling initialize
16:11:47.047 INFO  Controller.BookListController : Book Clicked
16:11:47.192 INFO  Controller.BookListController : Book Clicked
16:11:47.193 INFO  Controller.BookListController : Book Burmese Daysdfsdfasd    lady on cover    1934    George Orwell    3467    2018-03-09clicked
16:11:47.194 INFO  Controller.MenuController : changeViews
16:11:47.207 INFO  Database.PublisherGateway : fetching publishers
16:11:47.322 INFO  Controller.BookDetailController : bookdetailcontroller init
16:11:48.447 INFO  Controller.BookDetailController : Audit Trail Button Clicked
16:11:48.448 INFO  Controller.MenuController : changeViews
16:11:48.499 INFO  Database.BookGateway : fetching audit trail ofBurmese Daysdfsdfasd    lady on cover    1934    George Orwell    3467    2018-03-09
16:11:48.505 INFO  Book.AuditTrailEntry : auditTrailEntry constructor
16:11:48.506 INFO  Book.AuditTrailEntry : auditTrailEntry constructor
16:11:50.307 INFO  Controller.BookDetailController : Audit Trail Button Clicked
16:11:50.308 INFO  Controller.MenuController : changeViews
16:11:50.309 INFO  Database.BookGateway : fetching audit trail ofBurmese Daysdfsdfasd    lady on cover    1934    George Orwell    3467    2018-03-09
16:11:50.315 INFO  Book.AuditTrailEntry : auditTrailEntry constructor
16:11:50.316 INFO  Book.AuditTrailEntry : auditTrailEntry constructor
16:11:52.401 INFO  Controller.MenuController : exitClicked
16:11:52.411 INFO  Controller.MenuController : calling exit
16:11:52.421 INFO  Model.MenuLauncher : calling stop
16:11:52.424 INFO  Model.MenuLauncher : closed connection
16:13:38.866 INFO  Model.MenuLauncher : calling init
16:13:39.377 INFO  Model.MenuLauncher : made connection
16:13:39.420 INFO  Model.MenuLauncher : calling start
16:13:39.737 INFO  Controller.MenuController : calling initialize
16:13:44.506 INFO  Controller.MenuController : bookListClicked
16:13:44.506 INFO  Controller.MenuController : changeViews
16:13:44.519 INFO  Database.BookGateway : fetching books
16:13:44.557 INFO  Book.Book : calling book
16:13:44.558 INFO  Book.Book : calling book
16:13:44.563 INFO  Book.Book : calling book
16:13:44.564 INFO  Book.Book : calling book
16:13:44.564 INFO  Book.Book : calling book
16:13:44.565 INFO  Book.Book : calling book
16:13:44.566 INFO  Book.Book : calling book
16:13:44.567 INFO  Book.Book : calling book
16:13:44.568 INFO  Book.Book : calling book
16:13:44.568 INFO  Book.Book : calling book
16:13:44.632 INFO  Controller.BookListController : calling initialize
16:13:48.598 INFO  Controller.BookListController : Book Clicked
16:13:48.759 INFO  Controller.BookListController : Book Clicked
16:13:48.760 INFO  Controller.BookListController : Book Giants Want My Cake    And I won't share    1207    Unknown    568498    2018-03-09clicked
16:13:48.760 INFO  Controller.MenuController : changeViews
16:13:48.772 INFO  Database.PublisherGateway : fetching publishers
16:13:48.880 INFO  Controller.BookDetailController : bookdetailcontroller init
16:13:50.010 INFO  Controller.BookDetailController : Audit Trail Button Clicked
16:13:50.011 INFO  Controller.MenuController : changeViews
16:13:50.050 INFO  Database.BookGateway : fetching audit trail ofGiants Want My Cake    And I won't share    1207    Unknown    568498    2018-03-09
16:13:50.057 INFO  Book.AuditTrailEntry : auditTrailEntry constructor
16:14:13.112 INFO  Controller.AuditTrailController : back button clicked
16:14:13.121 INFO  Controller.MenuController : changeViews
16:14:13.122 INFO  Database.PublisherGateway : fetching publishers
16:14:13.170 INFO  Controller.BookDetailController : bookdetailcontroller init
16:14:14.098 INFO  Controller.BookDetailController : Back button clicked
16:14:14.098 INFO  Controller.MenuController : changeViews
16:14:14.099 INFO  Database.BookGateway : fetching books
16:14:14.105 INFO  Book.Book : calling book
16:14:14.107 INFO  Book.Book : calling book
16:14:14.107 INFO  Book.Book : calling book
16:14:14.108 INFO  Book.Book : calling book
16:14:14.109 INFO  Book.Book : calling book
16:14:14.109 INFO  Book.Book : calling book
16:14:14.110 INFO  Book.Book : calling book
16:14:14.111 INFO  Book.Book : calling book
16:14:14.112 INFO  Book.Book : calling book
16:14:14.112 INFO  Book.Book : calling book
16:14:14.129 INFO  Controller.BookListController : calling initialize
16:14:15.843 INFO  Controller.MenuController : exitClicked
16:14:15.843 INFO  Controller.MenuController : calling exit
16:14:15.847 INFO  Model.MenuLauncher : calling stop
16:14:15.850 INFO  Model.MenuLauncher : closed connection
16:30:13.708 INFO  Model.MenuLauncher : calling init
16:30:14.259 INFO  Model.MenuLauncher : made connection
16:30:14.301 INFO  Model.MenuLauncher : calling start
16:30:14.617 INFO  Controller.MenuController : calling initialize
16:30:17.708 INFO  Controller.MenuController : author List clicked
16:30:17.709 INFO  Controller.MenuController : changeViews
16:30:17.781 INFO  Controller.AuthorListController : calling initialize
16:30:20.219 INFO  Controller.AuthorListController : Mouse Clicked
16:30:21.976 INFO  Controller.MenuController : exitClicked
16:30:21.976 INFO  Controller.MenuController : calling exit
16:30:21.995 INFO  Model.MenuLauncher : calling stop
16:30:21.999 INFO  Model.MenuLauncher : closed connection
16:46:11.115 INFO  Model.MenuLauncher : calling init
16:46:11.633 INFO  Model.MenuLauncher : made connection
16:46:11.740 INFO  Model.MenuLauncher : calling start
16:46:12.110 INFO  Controller.MenuController : calling initialize
16:46:15.726 INFO  Controller.MenuController : bookListClicked
16:46:15.727 INFO  Controller.MenuController : changeViews
16:46:15.740 INFO  Database.BookGateway : fetching books
16:46:15.774 INFO  Book.Book : calling book
16:46:15.775 INFO  Book.Book : calling book
16:46:15.779 INFO  Book.Book : calling book
16:46:15.780 INFO  Book.Book : calling book
16:46:15.781 INFO  Book.Book : calling book
16:46:15.781 INFO  Book.Book : calling book
16:46:15.782 INFO  Book.Book : calling book
16:46:15.783 INFO  Book.Book : calling book
16:46:15.784 INFO  Book.Book : calling book
16:46:15.784 INFO  Book.Book : calling book
16:46:15.854 INFO  Controller.BookListController : calling initialize
16:46:17.424 INFO  Controller.BookListController : Book Clicked
16:46:17.576 INFO  Controller.BookListController : Book Clicked
16:46:17.577 INFO  Controller.BookListController : Book Nineteen Eighty-Four    YEARss    1949    George Orwell    346744    2018-03-09clicked
16:46:17.578 INFO  Controller.MenuController : changeViews
16:46:17.583 INFO  Database.PublisherGateway : fetching publishers
16:46:17.689 INFO  Controller.BookDetailController : bookdetailcontroller init
16:46:18.591 INFO  Controller.BookDetailController : Audit Trail Button Clicked
16:46:18.592 INFO  Controller.MenuController : changeViews
16:46:21.073 INFO  Controller.MenuController : exitClicked
16:46:21.074 INFO  Controller.MenuController : calling exit
16:46:21.085 INFO  Model.MenuLauncher : calling stop
16:46:21.088 INFO  Model.MenuLauncher : closed connection
16:47:37.933 INFO  Model.MenuLauncher : calling init
16:47:38.401 INFO  Model.MenuLauncher : made connection
16:47:38.435 INFO  Model.MenuLauncher : calling start
16:47:38.599 INFO  Controller.MenuController : calling initialize
16:47:42.715 INFO  Controller.MenuController : bookListClicked
16:47:42.716 INFO  Controller.MenuController : changeViews
16:47:42.718 INFO  Database.BookGateway : fetching books
16:47:42.753 INFO  Book.Book : calling book
16:47:42.754 INFO  Book.Book : calling book
16:47:42.757 INFO  Book.Book : calling book
16:47:42.758 INFO  Book.Book : calling book
16:47:42.758 INFO  Book.Book : calling book
16:47:42.759 INFO  Book.Book : calling book
16:47:42.759 INFO  Book.Book : calling book
16:47:42.760 INFO  Book.Book : calling book
16:47:42.760 INFO  Book.Book : calling book
16:47:42.761 INFO  Book.Book : calling book
16:47:42.803 INFO  Controller.BookListController : calling initialize
16:47:44.350 INFO  Controller.BookListController : Book Clicked
16:47:44.518 INFO  Controller.BookListController : Book Clicked
16:47:44.520 INFO  Controller.BookListController : Book Hazel Wood    Drama     2018    Melissa Albert    346747    2018-03-09clicked
16:47:44.520 INFO  Controller.MenuController : changeViews
16:47:44.524 INFO  Database.PublisherGateway : fetching publishers
16:47:44.631 INFO  Controller.BookDetailController : bookdetailcontroller init
16:47:46.451 INFO  Controller.BookDetailController : Audit Trail Button Clicked
16:47:46.452 INFO  Controller.MenuController : changeViews
16:47:46.485 INFO  Database.BookGateway : fetching audit trail ofHazel Wood    Drama     2018    Melissa Albert    346747    2018-03-09
16:47:46.492 INFO  Book.AuditTrailEntry : auditTrailEntry constructor
16:47:53.184 INFO  Controller.AuditTrailController : back button clicked
16:47:53.193 INFO  Controller.MenuController : changeViews
16:47:53.194 INFO  Database.PublisherGateway : fetching publishers
16:47:53.240 INFO  Controller.BookDetailController : bookdetailcontroller init
16:47:56.164 INFO  Controller.BookDetailController : Back button clicked
16:47:56.164 INFO  Controller.MenuController : changeViews
16:47:56.165 INFO  Database.BookGateway : fetching books
16:47:56.171 INFO  Book.Book : calling book
16:47:56.172 INFO  Book.Book : calling book
16:47:56.172 INFO  Book.Book : calling book
16:47:56.173 INFO  Book.Book : calling book
16:47:56.173 INFO  Book.Book : calling book
16:47:56.174 INFO  Book.Book : calling book
16:47:56.175 INFO  Book.Book : calling book
16:47:56.175 INFO  Book.Book : calling book
16:47:56.175 INFO  Book.Book : calling book
16:47:56.176 INFO  Book.Book : calling book
16:47:56.193 INFO  Controller.BookListController : calling initialize
16:48:03.694 INFO  Controller.MenuController : exitClicked
16:48:03.703 INFO  Controller.MenuController : calling exit
16:48:03.721 INFO  Model.MenuLauncher : calling stop
16:48:03.726 INFO  Model.MenuLauncher : closed connection
16:52:41.952 INFO  Model.MenuLauncher : calling init
16:52:42.438 INFO  Model.MenuLauncher : made connection
16:52:42.474 INFO  Model.MenuLauncher : calling start
16:52:42.776 INFO  Controller.MenuController : calling initialize
16:52:45.963 INFO  Controller.MenuController : Add author clicked
16:52:45.965 INFO  Controller.MenuController : changeViews
16:52:46.078 INFO  Controller.AuthorDetailController : calling initialize()
16:52:46.079 INFO  Controller.AuthorDetailController : 	  		 		 		null
16:52:50.845 INFO  Controller.AuthorDetailController : calling onSave
16:52:50.846 INFO  Controller.AuthorDetailController : 	  		 		 		null
16:52:50.847 ERROR Controller.AuthorDetailController : Invalid first name
16:52:50.848 ERROR Controller.AuthorDetailController : Invalid last name
16:52:50.848 ERROR Controller.AuthorDetailController : Invalid gender
16:52:53.613 INFO  Controller.MenuController : exitClicked
16:52:53.614 INFO  Controller.MenuController : calling exit
16:52:53.617 INFO  Model.MenuLauncher : calling stop
16:52:53.620 INFO  Model.MenuLauncher : closed connection
16:55:41.425 INFO  Model.MenuLauncher : calling init
16:55:42.103 INFO  Model.MenuLauncher : made connection
16:55:42.154 INFO  Model.MenuLauncher : calling start
16:55:42.526 INFO  Controller.MenuController : calling initialize
16:55:46.171 INFO  Controller.MenuController : bookListClicked
16:55:46.171 INFO  Controller.MenuController : changeViews
16:55:46.184 INFO  Database.BookGateway : fetching books
16:55:46.211 INFO  Book.Book : calling book
16:55:46.212 INFO  Book.Book : calling book
16:55:46.216 INFO  Book.Book : calling book
16:55:46.217 INFO  Book.Book : calling book
16:55:46.218 INFO  Book.Book : calling book
16:55:46.218 INFO  Book.Book : calling book
16:55:46.219 INFO  Book.Book : calling book
16:55:46.220 INFO  Book.Book : calling book
16:55:46.220 INFO  Book.Book : calling book
16:55:46.221 INFO  Book.Book : calling book
16:55:46.275 INFO  Controller.BookListController : calling initialize
16:55:47.636 INFO  Controller.BookListController : Book Clicked
16:55:47.789 INFO  Controller.BookListController : Book Clicked
16:55:47.789 INFO  Controller.BookListController : Book dfasd    sdfasdfasd    1981    Mark Twain    dsfasdf    2018-03-20clicked
16:55:47.790 INFO  Controller.MenuController : changeViews
16:55:47.803 INFO  Database.PublisherGateway : fetching publishers
16:55:47.907 INFO  Controller.BookDetailController : bookdetailcontroller init
16:55:55.016 INFO  Model.MenuLauncher : calling stop
16:55:55.020 INFO  Model.MenuLauncher : closed connection
17:06:18.740 INFO  Model.MenuLauncher : calling init
17:06:19.247 INFO  Model.MenuLauncher : made connection
17:06:19.288 INFO  Model.MenuLauncher : calling start
17:06:19.613 INFO  Controller.MenuController : calling initialize
17:06:23.753 INFO  Controller.MenuController : author List clicked
17:06:23.754 INFO  Controller.MenuController : changeViews
17:06:23.823 INFO  Controller.AuthorListController : calling initialize
17:06:24.978 INFO  Controller.AuthorListController : Mouse Clicked
17:06:25.148 INFO  Controller.AuthorListController : Mouse Clicked
17:06:25.148 INFO  Controller.AuthorListController : Author David	  Jupiter		 M		 hotTotrot		2002-08-29clicked
17:06:25.149 INFO  Controller.MenuController : changeViews
17:06:25.250 INFO  Controller.AuthorDetailController : calling initialize()
17:06:25.252 INFO  Controller.AuthorDetailController : David	  Jupiter		 M		 hotTotrot		2002-08-29
17:06:37.486 INFO  Controller.AuthorDetailController : audit trail for author clicked
17:06:37.486 INFO  Controller.MenuController : changeViews
17:06:37.535 INFO  Database.AuthorGateway : fetching audit trail ofDavid	  Jupiter		 M		 hotTotrot		2002-08-29
17:06:39.578 INFO  Controller.AuditTrailController : back button clicked
17:06:39.587 INFO  Controller.MenuController : changeViews
17:06:39.592 INFO  Database.PublisherGateway : fetching publishers
17:06:39.661 INFO  Controller.BookDetailController : bookdetailcontroller init
17:06:41.940 INFO  Controller.AuditTrailController : back button clicked
17:06:41.951 INFO  Controller.MenuController : changeViews
17:06:41.951 INFO  Database.PublisherGateway : fetching publishers
17:06:41.985 INFO  Controller.BookDetailController : bookdetailcontroller init
17:06:43.605 INFO  Controller.MenuController : exitClicked
17:06:43.606 INFO  Controller.MenuController : calling exit
17:06:43.614 INFO  Model.MenuLauncher : calling stop
17:06:43.617 INFO  Model.MenuLauncher : closed connection
17:09:05.780 INFO  Model.MenuLauncher : calling init
17:09:06.273 INFO  Model.MenuLauncher : made connection
17:09:06.301 INFO  Model.MenuLauncher : calling start
17:09:06.487 INFO  Controller.MenuController : calling initialize
17:09:10.386 INFO  Controller.MenuController : author List clicked
17:09:10.387 INFO  Controller.MenuController : changeViews
17:09:10.448 INFO  Controller.AuthorListController : calling initialize
17:09:11.576 INFO  Controller.AuthorListController : Mouse Clicked
17:09:11.750 INFO  Controller.AuthorListController : Mouse Clicked
17:09:11.751 INFO  Controller.AuthorListController : Author David	  Jupiter		 M		 hotTotrot		2002-08-29clicked
17:09:11.752 INFO  Controller.MenuController : changeViews
17:09:11.855 INFO  Controller.AuthorDetailController : calling initialize()
17:09:11.866 INFO  Controller.AuthorDetailController : David	  Jupiter		 M		 hotTotrot		2002-08-29
17:09:15.293 INFO  Controller.AuthorDetailController : audit trail for author clicked
17:09:15.294 INFO  Controller.MenuController : changeViews
17:09:15.327 INFO  Database.AuthorGateway : fetching audit trail ofDavid	  Jupiter		 M		 hotTotrot		2002-08-29
17:09:16.866 INFO  Controller.AuditTrailController : back button clicked
17:09:16.866 INFO  Controller.MenuController : changeViews
17:09:16.912 INFO  Controller.AuthorDetailController : calling initialize()
17:09:16.913 INFO  Controller.AuthorDetailController : David	  Jupiter		 M		 hotTotrot		2002-08-29
17:09:18.838 INFO  Controller.AuthorDetailController : back button clicked
17:09:18.847 INFO  Controller.MenuController : changeViews
17:09:18.858 INFO  Controller.AuthorListController : calling initialize
17:09:22.223 INFO  Controller.MenuController : exitClicked
17:09:22.224 INFO  Controller.MenuController : calling exit
17:09:22.235 INFO  Model.MenuLauncher : calling stop
17:09:22.238 INFO  Model.MenuLauncher : closed connection
19:15:09.873 INFO  Model.MenuLauncher : calling init
19:15:11.523 INFO  Model.MenuLauncher : made connection
19:15:11.559 INFO  Model.MenuLauncher : calling start
19:15:11.902 INFO  Controller.MenuController : calling initialize
19:15:15.438 INFO  Controller.MenuController : bookListClicked
19:15:15.439 INFO  Controller.MenuController : changeViews
19:15:15.453 INFO  Database.BookGateway : fetching books
19:15:15.495 INFO  Book.Book : calling book
19:15:15.497 INFO  Book.Book : calling book
19:15:15.502 INFO  Book.Book : calling book
19:15:15.502 INFO  Book.Book : calling book
19:15:15.503 INFO  Book.Book : calling book
19:15:15.504 INFO  Book.Book : calling book
19:15:15.505 INFO  Book.Book : calling book
19:15:15.506 INFO  Book.Book : calling book
19:15:15.507 INFO  Book.Book : calling book
19:15:15.508 INFO  Book.Book : calling book
19:15:15.564 INFO  Controller.BookListController : calling initialize
19:15:17.382 INFO  Controller.MenuController : author List clicked
19:15:17.390 INFO  Controller.MenuController : changeViews
19:15:17.414 INFO  Controller.AuthorListController : calling initialize
19:15:18.257 INFO  Controller.AuthorListController : Mouse Clicked
19:15:18.433 INFO  Controller.AuthorListController : Mouse Clicked
19:15:18.434 INFO  Controller.AuthorListController : Author David	  Jupiter		 M		 hotTotrot		2002-08-29clicked
19:15:18.435 INFO  Controller.MenuController : changeViews
19:15:18.542 INFO  Controller.AuthorDetailController : calling initialize()
19:15:18.544 INFO  Controller.AuthorDetailController : David	  Jupiter		 M		 hotTotrot		2002-08-29
19:15:23.993 INFO  Controller.AuthorDetailController : audit trail for author clicked
19:15:24.002 INFO  Controller.MenuController : changeViews
19:15:24.059 INFO  Database.AuthorGateway : fetching audit trail ofDavid	  Jupiter		 M		 hotTotrot		2002-08-29
19:15:25.706 INFO  Controller.AuditTrailController : back button clicked
19:15:25.707 INFO  Controller.MenuController : changeViews
19:15:25.782 INFO  Controller.AuthorDetailController : calling initialize()
19:15:25.783 INFO  Controller.AuthorDetailController : David	  Jupiter		 M		 hotTotrot		2002-08-29
19:15:34.190 INFO  Controller.AuthorDetailController : calling onSave
19:15:34.191 INFO  Controller.AuthorDetailController : David	  Jupiter		 M		 hotTotrot		1989-08-09
19:15:34.192 INFO  Book.Author : calling Author.save()
19:15:34.193 INFO  Book.Author : calling update()
19:15:34.193 INFO  Book.Author : David	  Jupiter		 M		 hotTotrot		1989-08-09
19:15:34.194 INFO  Database.AuthorGateway : calling updateAuthor
19:15:34.194 INFO  Database.AuthorGateway : obtaining the timestamp for the author
19:15:34.239 INFO  Database.AuthorGateway : obtaining the timestamp for the author
19:15:34.246 INFO  Controller.MenuController : changeViews
19:15:34.264 INFO  Controller.AuthorListController : calling initialize
19:15:35.272 INFO  Controller.AuthorListController : Mouse Clicked
19:15:35.432 INFO  Controller.AuthorListController : Mouse Clicked
19:15:35.432 INFO  Controller.AuthorListController : Author David	  Jupiter		 M		 hotTotrot		1989-08-09clicked
19:15:35.433 INFO  Controller.MenuController : changeViews
19:15:35.468 INFO  Controller.AuthorDetailController : calling initialize()
19:15:35.469 INFO  Controller.AuthorDetailController : David	  Jupiter		 M		 hotTotrot		1989-08-09
19:15:36.349 INFO  Controller.AuthorDetailController : audit trail for author clicked
19:15:36.349 INFO  Controller.MenuController : changeViews
19:15:36.350 INFO  Database.AuthorGateway : fetching audit trail ofDavid	  Jupiter		 M		 hotTotrot		1989-08-09
19:15:38.569 INFO  Controller.AuditTrailController : back button clicked
19:15:38.569 INFO  Controller.MenuController : changeViews
19:15:38.611 INFO  Controller.AuthorDetailController : calling initialize()
19:15:38.612 INFO  Controller.AuthorDetailController : David	  Jupiter		 M		 hotTotrot		1989-08-09
19:15:39.890 INFO  Controller.MenuController : exitClicked
19:15:39.891 INFO  Controller.MenuController : calling exit
19:15:39.933 INFO  Model.MenuLauncher : calling stop
19:15:39.937 INFO  Model.MenuLauncher : closed connection
19:16:54.594 INFO  Model.MenuLauncher : calling init
19:16:55.121 INFO  Model.MenuLauncher : made connection
19:16:55.178 INFO  Model.MenuLauncher : calling start
19:16:55.534 INFO  Controller.MenuController : calling initialize
19:16:58.524 INFO  Controller.MenuController : author List clicked
19:16:58.525 INFO  Controller.MenuController : changeViews
19:16:58.600 INFO  Controller.AuthorListController : calling initialize
19:17:00.316 INFO  Controller.AuthorListController : Mouse Clicked
19:17:00.477 INFO  Controller.AuthorListController : Mouse Clicked
19:17:00.477 INFO  Controller.AuthorListController : Author David	  Jupiter		 M		 hotTotrot		1989-08-09clicked
19:17:00.478 INFO  Controller.MenuController : changeViews
19:17:00.597 INFO  Controller.AuthorDetailController : calling initialize()
19:17:00.599 INFO  Controller.AuthorDetailController : David	  Jupiter		 M		 hotTotrot		1989-08-09
19:17:03.485 INFO  Controller.AuthorDetailController : audit trail for author clicked
19:17:03.486 INFO  Controller.MenuController : changeViews
19:17:03.539 INFO  Database.AuthorGateway : fetching audit trail ofDavid	  Jupiter		 M		 hotTotrot		1989-08-09
19:17:06.336 INFO  Model.MenuLauncher : calling stop
19:17:06.339 INFO  Model.MenuLauncher : closed connection
19:19:14.542 INFO  Model.MenuLauncher : calling init
19:19:15.064 INFO  Model.MenuLauncher : made connection
19:19:15.105 INFO  Model.MenuLauncher : calling start
19:19:15.412 INFO  Controller.MenuController : calling initialize
19:19:19.304 INFO  Controller.MenuController : author List clicked
19:19:19.304 INFO  Controller.MenuController : changeViews
19:19:19.384 INFO  Controller.AuthorListController : calling initialize
19:19:20.849 INFO  Controller.AuthorListController : Mouse Clicked
19:19:21.010 INFO  Controller.AuthorListController : Mouse Clicked
19:19:21.011 INFO  Controller.AuthorListController : Author David	  Jupiter		 M		 hotTotrot		1989-08-09clicked
19:19:21.012 INFO  Controller.MenuController : changeViews
19:19:21.131 INFO  Controller.AuthorDetailController : calling initialize()
19:19:21.133 INFO  Controller.AuthorDetailController : David	  Jupiter		 M		 hotTotrot		1989-08-09
19:19:24.843 INFO  Controller.AuthorDetailController : audit trail for author clicked
19:19:24.852 INFO  Controller.MenuController : changeViews
19:19:24.895 INFO  Database.AuthorGateway : fetching audit trail ofDavid	  Jupiter		 M		 hotTotrot		1989-08-09
19:19:27.822 INFO  Model.MenuLauncher : calling stop
19:19:27.827 INFO  Model.MenuLauncher : closed connection
19:20:03.961 INFO  Model.MenuLauncher : calling init
19:20:04.430 INFO  Model.MenuLauncher : made connection
19:20:04.462 INFO  Model.MenuLauncher : calling start
19:20:04.650 INFO  Controller.MenuController : calling initialize
19:20:07.604 INFO  Controller.MenuController : author List clicked
19:20:07.605 INFO  Controller.MenuController : changeViews
19:20:07.669 INFO  Controller.AuthorListController : calling initialize
19:20:09.669 INFO  Controller.AuthorListController : Mouse Clicked
19:20:09.842 INFO  Controller.AuthorListController : Mouse Clicked
19:20:09.843 INFO  Controller.AuthorListController : Author David	  Jupiter		 M		 hotTotrot		1989-08-09clicked
19:20:09.844 INFO  Controller.MenuController : changeViews
19:20:09.940 INFO  Controller.AuthorDetailController : calling initialize()
19:20:09.942 INFO  Controller.AuthorDetailController : David	  Jupiter		 M		 hotTotrot		1989-08-09
19:20:13.799 INFO  Controller.AuthorDetailController : audit trail for author clicked
19:20:13.808 INFO  Controller.MenuController : changeViews
19:20:13.834 INFO  Database.AuthorGateway : fetching audit trail ofDavid	  Jupiter		 M		 hotTotrot		1989-08-09
19:20:16.773 INFO  Model.MenuLauncher : calling stop
19:20:16.778 INFO  Model.MenuLauncher : closed connection
19:20:34.055 INFO  Model.MenuLauncher : calling init
19:20:34.492 INFO  Model.MenuLauncher : made connection
19:20:34.526 INFO  Model.MenuLauncher : calling start
19:20:34.708 INFO  Controller.MenuController : calling initialize
19:20:37.523 INFO  Model.MenuLauncher : calling stop
19:20:37.528 INFO  Model.MenuLauncher : closed connection
19:20:45.044 INFO  Model.MenuLauncher : calling init
19:20:45.458 INFO  Model.MenuLauncher : made connection
19:20:45.477 INFO  Model.MenuLauncher : calling start
19:20:45.642 INFO  Controller.MenuController : calling initialize
19:20:49.079 INFO  Controller.MenuController : author List clicked
19:20:49.079 INFO  Controller.MenuController : changeViews
19:20:49.148 INFO  Controller.AuthorListController : calling initialize
19:20:49.956 INFO  Controller.AuthorListController : Mouse Clicked
19:20:50.109 INFO  Controller.AuthorListController : Mouse Clicked
19:20:50.109 INFO  Controller.AuthorListController : Author David	  Jupiter		 M		 hotTotrot		1989-08-09clicked
19:20:50.110 INFO  Controller.MenuController : changeViews
19:20:50.202 INFO  Controller.AuthorDetailController : calling initialize()
19:20:50.204 INFO  Controller.AuthorDetailController : David	  Jupiter		 M		 hotTotrot		1989-08-09
19:20:53.621 INFO  Controller.AuthorDetailController : audit trail for author clicked
19:20:53.631 INFO  Controller.MenuController : changeViews
19:20:53.665 INFO  Database.AuthorGateway : fetching audit trail ofDavid	  Jupiter		 M		 hotTotrot		1989-08-09
19:20:57.976 INFO  Controller.AuditTrailController : back button clicked
19:20:57.977 INFO  Controller.MenuController : changeViews
19:20:58.023 INFO  Controller.AuthorDetailController : calling initialize()
19:20:58.023 INFO  Controller.AuthorDetailController : David	  Jupiter		 M		 hotTotrot		1989-08-09
19:20:59.683 INFO  Controller.AuthorDetailController : back button clicked
19:20:59.683 INFO  Controller.MenuController : changeViews
19:20:59.695 INFO  Controller.AuthorListController : calling initialize
19:21:01.473 INFO  Controller.MenuController : exitClicked
19:21:01.474 INFO  Controller.MenuController : calling exit
19:21:01.489 INFO  Model.MenuLauncher : calling stop
19:21:01.493 INFO  Model.MenuLauncher : closed connection
19:25:54.789 INFO  Model.MenuLauncher : calling init
19:25:55.779 INFO  Model.MenuLauncher : made connection
19:25:55.837 INFO  Model.MenuLauncher : calling start
19:25:56.150 INFO  Controller.MenuController : calling initialize
19:25:59.479 INFO  Controller.MenuController : author List clicked
19:25:59.480 INFO  Controller.MenuController : changeViews
19:25:59.554 INFO  Controller.AuthorListController : calling initialize
19:26:00.311 INFO  Controller.AuthorListController : Mouse Clicked
19:26:00.471 INFO  Controller.AuthorListController : Mouse Clicked
19:26:00.472 INFO  Controller.AuthorListController : Author David	  Jupiter		 M		 hotTotrot		1989-08-09clicked
19:26:00.473 INFO  Controller.MenuController : changeViews
19:26:00.581 INFO  Controller.AuthorDetailController : calling initialize()
19:26:00.582 INFO  Controller.AuthorDetailController : David	  Jupiter		 M		 hotTotrot		1989-08-09
19:26:07.866 INFO  Controller.AuthorDetailController : calling onSave
19:26:07.875 INFO  Controller.AuthorDetailController : David	  Jupiter		 M		 hotTotrot		1986-08-14
19:26:07.876 INFO  Book.Author : calling Author.save()
19:26:07.877 INFO  Book.Author : calling update()
19:26:07.878 INFO  Book.Author : David	  Jupiter		 M		 hotTotrot		1986-08-14
19:26:07.878 INFO  Database.AuthorGateway : calling updateAuthor
19:26:07.879 INFO  Database.AuthorGateway : obtaining the timestamp for the author
19:26:07.923 INFO  Database.AuthorGateway : obtaining the timestamp for the author
19:26:07.929 INFO  Database.AuthorGateway : gatewar inserting audit trail
19:26:07.935 INFO  Controller.MenuController : changeViews
19:26:07.948 INFO  Controller.AuthorListController : calling initialize
19:26:09.197 INFO  Controller.AuthorListController : Mouse Clicked
19:26:09.348 INFO  Controller.AuthorListController : Mouse Clicked
19:26:09.348 INFO  Controller.AuthorListController : Author David	  Jupiter		 M		 hotTotrot		1986-08-14clicked
19:26:09.349 INFO  Controller.MenuController : changeViews
19:26:09.390 INFO  Controller.AuthorDetailController : calling initialize()
19:26:09.390 INFO  Controller.AuthorDetailController : David	  Jupiter		 M		 hotTotrot		1986-08-14
19:26:10.357 INFO  Controller.AuthorDetailController : audit trail for author clicked
19:26:10.358 INFO  Controller.MenuController : changeViews
19:26:10.409 INFO  Database.AuthorGateway : fetching audit trail ofDavid	  Jupiter		 M		 hotTotrot		1986-08-14
19:26:11.876 INFO  Controller.AuditTrailController : back button clicked
19:26:11.876 INFO  Controller.MenuController : changeViews
19:26:11.909 INFO  Controller.AuthorDetailController : calling initialize()
19:26:11.910 INFO  Controller.AuthorDetailController : David	  Jupiter		 M		 hotTotrot		1986-08-14
19:26:13.466 INFO  Controller.MenuController : exitClicked
19:26:13.466 INFO  Controller.MenuController : calling exit
19:26:13.480 INFO  Model.MenuLauncher : calling stop
19:26:13.483 INFO  Model.MenuLauncher : closed connection
19:28:13.073 INFO  Model.MenuLauncher : calling init
19:28:13.576 INFO  Model.MenuLauncher : made connection
19:28:13.616 INFO  Model.MenuLauncher : calling start
19:28:13.931 INFO  Controller.MenuController : calling initialize
19:28:17.179 INFO  Controller.MenuController : author List clicked
19:28:17.179 INFO  Controller.MenuController : changeViews
19:28:17.520 INFO  Controller.AuthorListController : calling initialize
19:28:18.740 INFO  Controller.AuthorListController : Mouse Clicked
19:28:18.905 INFO  Controller.AuthorListController : Mouse Clicked
19:28:18.906 INFO  Controller.AuthorListController : Author David	  Jupiter		 M		 hotTotrot		1986-08-14clicked
19:28:18.907 INFO  Controller.MenuController : changeViews
19:28:19.021 INFO  Controller.AuthorDetailController : calling initialize()
19:28:19.023 INFO  Controller.AuthorDetailController : David	  Jupiter		 M		 hotTotrot		1986-08-14
19:28:30.428 INFO  Controller.AuthorDetailController : calling onSave
19:28:30.437 INFO  Controller.AuthorDetailController : David	  Jupiter		 M		 losingandwinning		1986-08-14
19:28:30.452 INFO  Book.Author : calling Author.save()
19:28:30.453 INFO  Book.Author : calling update()
19:28:30.453 INFO  Book.Author : David	  Jupiter		 M		 losingandwinning		1986-08-14
19:28:30.453 INFO  Database.AuthorGateway : calling updateAuthor
19:28:30.454 INFO  Database.AuthorGateway : obtaining the timestamp for the author
19:28:30.502 INFO  Database.AuthorGateway : obtaining the timestamp for the author
19:28:30.510 INFO  Database.AuthorGateway : gatewar inserting audit trail
19:28:30.515 INFO  Controller.MenuController : changeViews
19:28:30.526 INFO  Controller.AuthorListController : calling initialize
19:28:34.642 INFO  Controller.AuthorListController : Mouse Clicked
19:28:34.786 INFO  Controller.AuthorListController : Mouse Clicked
19:28:34.787 INFO  Controller.AuthorListController : Author David	  Jupiter		 M		 losingandwinning		1986-08-14clicked
19:28:34.787 INFO  Controller.MenuController : changeViews
19:28:34.829 INFO  Controller.AuthorDetailController : calling initialize()
19:28:34.830 INFO  Controller.AuthorDetailController : David	  Jupiter		 M		 losingandwinning		1986-08-14
19:28:39.437 INFO  Controller.AuthorDetailController : audit trail for author clicked
19:28:39.446 INFO  Controller.MenuController : changeViews
19:28:39.482 INFO  Database.AuthorGateway : fetching audit trail ofDavid	  Jupiter		 M		 losingandwinning		1986-08-14
19:28:41.619 INFO  Model.MenuLauncher : calling stop
19:28:41.624 INFO  Model.MenuLauncher : closed connection
19:29:25.519 INFO  Model.MenuLauncher : calling init
19:29:26.004 INFO  Model.MenuLauncher : made connection
19:29:26.041 INFO  Model.MenuLauncher : calling start
19:29:26.221 INFO  Controller.MenuController : calling initialize
19:29:29.274 INFO  Controller.MenuController : author List clicked
19:29:29.275 INFO  Controller.MenuController : changeViews
19:29:29.340 INFO  Controller.AuthorListController : calling initialize
19:29:30.154 INFO  Controller.AuthorListController : Mouse Clicked
19:29:30.327 INFO  Controller.AuthorListController : Mouse Clicked
19:29:30.328 INFO  Controller.AuthorListController : Author David	  Jupiter		 M		 losingandwinning		1986-08-14clicked
19:29:30.329 INFO  Controller.MenuController : changeViews
19:29:30.426 INFO  Controller.AuthorDetailController : calling initialize()
19:29:30.428 INFO  Controller.AuthorDetailController : David	  Jupiter		 M		 losingandwinning		1986-08-14
19:29:46.089 INFO  Controller.AuthorDetailController : calling onSave
19:29:46.089 INFO  Controller.AuthorDetailController : David	  Jupiter		 M		 waterandwhiskey		1986-08-14
19:29:46.100 INFO  Book.Author : calling Author.save()
19:29:46.100 INFO  Book.Author : calling update()
19:29:46.101 INFO  Book.Author : David	  Jupiter		 M		 waterandwhiskey		1986-08-14
19:29:46.101 INFO  Database.AuthorGateway : calling updateAuthor
19:29:46.102 INFO  Database.AuthorGateway : obtaining the timestamp for the author
19:29:46.108 INFO  Database.AuthorGateway : gatewar inserting audit trail
19:29:46.143 INFO  Database.AuthorGateway : obtaining the timestamp for the author
19:29:46.156 INFO  Controller.MenuController : changeViews
19:29:46.168 INFO  Controller.AuthorListController : calling initialize
19:29:49.185 INFO  Model.MenuLauncher : calling stop
19:29:49.190 INFO  Model.MenuLauncher : closed connection
19:30:20.493 INFO  Model.MenuLauncher : calling init
19:30:21.000 INFO  Model.MenuLauncher : made connection
19:30:21.021 INFO  Model.MenuLauncher : calling start
19:30:21.198 INFO  Controller.MenuController : calling initialize
19:30:24.009 INFO  Controller.MenuController : author List clicked
19:30:24.010 INFO  Controller.MenuController : changeViews
19:30:24.061 INFO  Controller.AuthorListController : calling initialize
19:30:25.018 INFO  Controller.AuthorListController : Mouse Clicked
19:30:25.198 INFO  Controller.AuthorListController : Mouse Clicked
19:30:25.199 INFO  Controller.AuthorListController : Author David	  Jupiter		 M		 waterandwhiskey		1986-08-14clicked
19:30:25.200 INFO  Controller.MenuController : changeViews
19:30:25.281 INFO  Controller.AuthorDetailController : calling initialize()
19:30:25.282 INFO  Controller.AuthorDetailController : David	  Jupiter		 M		 waterandwhiskey		1986-08-14
19:30:31.664 INFO  Controller.AuthorDetailController : calling onSave
19:30:31.665 INFO  Controller.AuthorDetailController : David	  Jupiter		 M		 losingandwinning		1986-08-14
19:30:31.676 INFO  Book.Author : calling Author.save()
19:30:31.676 INFO  Book.Author : calling update()
19:30:31.676 INFO  Book.Author : David	  Jupiter		 M		 losingandwinning		1986-08-14
19:30:31.677 INFO  Database.AuthorGateway : calling updateAuthor
19:30:31.677 INFO  Database.AuthorGateway : obtaining the timestamp for the author
19:30:31.684 INFO  Database.AuthorGateway : gatewar inserting audit trail
19:30:31.691 INFO  Database.AuthorGateway : gateway inserting audit entry
19:30:31.758 INFO  Database.AuthorGateway : obtaining the timestamp for the author
19:30:31.764 INFO  Controller.MenuController : changeViews
19:30:31.778 INFO  Controller.AuthorListController : calling initialize
19:30:32.954 INFO  Controller.AuthorListController : Mouse Clicked
19:30:33.106 INFO  Controller.AuthorListController : Mouse Clicked
19:30:33.106 INFO  Controller.AuthorListController : Author David	  Jupiter		 M		 losingandwinning		1986-08-14clicked
19:30:33.107 INFO  Controller.MenuController : changeViews
19:30:33.154 INFO  Controller.AuthorDetailController : calling initialize()
19:30:33.155 INFO  Controller.AuthorDetailController : David	  Jupiter		 M		 losingandwinning		1986-08-14
19:30:36.987 INFO  Controller.AuthorDetailController : audit trail for author clicked
19:30:36.988 INFO  Controller.MenuController : changeViews
19:30:37.021 INFO  Database.AuthorGateway : fetching audit trail ofDavid	  Jupiter		 M		 losingandwinning		1986-08-14
19:30:37.030 INFO  Book.AuditTrailEntry : auditTrailEntry constructor
19:30:41.037 INFO  Controller.AuditTrailController : back button clicked
19:30:41.038 INFO  Controller.MenuController : changeViews
19:30:41.064 INFO  Controller.AuthorDetailController : calling initialize()
19:30:41.064 INFO  Controller.AuthorDetailController : David	  Jupiter		 M		 losingandwinning		1986-08-14
19:30:43.064 INFO  Controller.MenuController : exitClicked
19:30:43.065 INFO  Controller.MenuController : calling exit
19:30:43.069 INFO  Model.MenuLauncher : calling stop
19:30:43.073 INFO  Model.MenuLauncher : closed connection
